<?xml version="1.0" encoding="UTF-8"?>
<testsuite xmlns:xsi="http://www.w3.org/2001/XMLSchema-instance" xsi:noNamespaceSchemaLocation="https://maven.apache.org/surefire/maven-surefire-plugin/xsd/surefire-test-report.xsd" name="hu.bme.mit.spaceship.GT4500Test" time="1.135" tests="4" errors="0" skipped="0" failures="0">
  <properties>
[...]
</properties>
  <testcase name="fireTorpedo_doubleShot_Success" classname="hu.bme.mit.spaceship.GT4500Test" time="1.081"/>
  <testcase name="fireTorpedo_Single_Success" classname="hu.bme.mit.spaceship.GT4500Test" time="0.013"/>
  <testcase name="fireTorpedo_primaryFired_secondaryIsEmpty_Success" classname="hu.bme.mit.spaceship.GT4500Test" time="0.005"/>
  <testcase name="fireTorpedo_All_Success" classname="hu.bme.mit.spaceship.GT4500Test" time="0.012"/>
</testsuite>